<?xml version="1.0" encoding="UTF-8"?>
<testng-results total="1" passed="1" failed="0" skipped="0">
  <reporter-output>
  </reporter-output>
  <suite started-at="2022-08-14T17:04:25Z" name="Default suite" finished-at="2022-08-14T17:04:25Z" duration-ms="31">
    <groups>
    </groups>
    <test started-at="2022-08-14T17:04:25Z" name="Default test" finished-at="2022-08-14T17:04:25Z" duration-ms="31">
      <class name="Selenium.NewTest">
        <test-method signature="f()" started-at="2022-08-14T17:04:25Z" name="f" finished-at="2022-08-14T17:04:25Z" duration-ms="15" status="PASS">
        </test-method>
      </class>
    </test>
  </suite>
</testng-results>
